
## M1 HOT3D Git Reachability
- command: `git ls-remote https://github.com/facebookresearch/hot3d`
- returncode: `0`
- stdout:
```
91fc5a0754e88bffb50bfddc4d1a4b35a6962458	HEAD
9aa8522f974c088f957dd3f07ed5541058744406	refs/heads/gh-pages
91fc5a0754e88bffb50bfddc4d1a4b35a6962458	refs/heads/main
96f930fd52a386a34d3c09c6e20f64ace5e6dbf0	refs/heads/thodan-patch-1
217b840c2e259de4f75947e3e382b8661402982b	refs/pull/1/head
411f086a9d9a16e5cd6ba9c198902069734a5428	refs/pull/11/head
de7666d6659cd4c078f603ffccdf133df0039c40	refs/pull/12/head
d40d1ea1e20ef805364f5654f5cec934471fc485	refs/pull/2/head
3d6125e184c689cc012f9e3a18f34106789af959	refs/pull/39/head
0b76d7ea5cd52518636c5430ba2a8eec5ecb3308	refs/pull/39/merge
d5e107959f7b12a4666ddae47409225ec513171c	refs/pull/5/head
eb3413ffff61a21bd2a2b2021009ea8064264567	refs/pull/6/head
```

## M1 Python Dependency Probe
- command: `python3 - <<'PY'
ok = True
try:
    import huggingface_hub  # noqa: F401
    print('HF_HUB_IMPORT_OK')
except Exception as e:
    ok = False
    print('HF_HUB_IMPORT_FAIL', type(e).__name__, str(e))
try:
    from datasets import load_dataset  # noqa: F401
    print('DATASETS_IMPORT_OK')
except Exception as e:
    print('DATASETS_IMPORT_FAIL', type(e).__name__, str(e))
    ok = False
raise SystemExit(0 if ok else 2)
PY`
- returncode: `2`
- stdout:
```
HF_HUB_IMPORT_OK
DATASETS_IMPORT_FAIL ModuleNotFoundError No module named 'numpy'
```

## M1 HOT3D HF Manifest Probe
- command: `python3 - <<'PY'
from huggingface_hub import HfApi
api = HfApi()
info = api.dataset_info('projectaria/hot3d')
print('DATASET_ID', info.id)
print('SIBLING_COUNT', len(info.siblings))
for s in info.siblings[:20]:
    print('FILE', s.rfilename)
PY`
- returncode: `0`
- stdout:
```
DATASET_ID projectaria/hot3d
SIBLING_COUNT 3
FILE .gitattributes
FILE README.md
FILE assets/hot3d_data_samples.jpg
```

## M1 HOT3D Streaming Sample Probe
- command: `python3 - <<'PY'
from datasets import load_dataset
ds = load_dataset('projectaria/hot3d', split='train', streaming=True)
first = next(iter(ds))
print('FIRST_KEYS', sorted(list(first.keys()))[:20])
PY`
- returncode: `1`
- stderr:
```
Traceback (most recent call last):
  File "<stdin>", line 1, in <module>
  File "/Users/prinivenpillay/Library/Python/3.14/lib/python/site-packages/datasets/__init__.py", line 17, in <module>
    from .arrow_dataset import Column, Dataset
  File "/Users/prinivenpillay/Library/Python/3.14/lib/python/site-packages/datasets/arrow_dataset.py", line 58, in <module>
    import numpy as np
ModuleNotFoundError: No module named 'numpy'
```

## M1 HOT3D Git Reachability
- command: `git ls-remote https://github.com/facebookresearch/hot3d`
- returncode: `0`
- stdout:
```
91fc5a0754e88bffb50bfddc4d1a4b35a6962458	HEAD
9aa8522f974c088f957dd3f07ed5541058744406	refs/heads/gh-pages
91fc5a0754e88bffb50bfddc4d1a4b35a6962458	refs/heads/main
96f930fd52a386a34d3c09c6e20f64ace5e6dbf0	refs/heads/thodan-patch-1
217b840c2e259de4f75947e3e382b8661402982b	refs/pull/1/head
411f086a9d9a16e5cd6ba9c198902069734a5428	refs/pull/11/head
de7666d6659cd4c078f603ffccdf133df0039c40	refs/pull/12/head
d40d1ea1e20ef805364f5654f5cec934471fc485	refs/pull/2/head
3d6125e184c689cc012f9e3a18f34106789af959	refs/pull/39/head
0b76d7ea5cd52518636c5430ba2a8eec5ecb3308	refs/pull/39/merge
d5e107959f7b12a4666ddae47409225ec513171c	refs/pull/5/head
eb3413ffff61a21bd2a2b2021009ea8064264567	refs/pull/6/head
```

## M1 Python Dependency Probe
- command: `python3 - <<'PY'
ok = True
try:
    import huggingface_hub  # noqa: F401
    print('HF_HUB_IMPORT_OK')
except Exception as e:
    ok = False
    print('HF_HUB_IMPORT_FAIL', type(e).__name__, str(e))
try:
    from datasets import load_dataset  # noqa: F401
    print('DATASETS_IMPORT_OK')
except Exception as e:
    print('DATASETS_IMPORT_FAIL', type(e).__name__, str(e))
    ok = False
raise SystemExit(0 if ok else 2)
PY`
- returncode: `0`
- stdout:
```
HF_HUB_IMPORT_OK
DATASETS_IMPORT_OK
```

## M1 HOT3D HF Manifest Probe
- command: `python3 - <<'PY'
from huggingface_hub import HfApi
api = HfApi()
info = api.dataset_info('projectaria/hot3d')
print('DATASET_ID', info.id)
print('SIBLING_COUNT', len(info.siblings))
for s in info.siblings[:20]:
    print('FILE', s.rfilename)
PY`
- returncode: `0`
- stdout:
```
DATASET_ID projectaria/hot3d
SIBLING_COUNT 3
FILE .gitattributes
FILE README.md
FILE assets/hot3d_data_samples.jpg
```

## M1 HOT3D Streaming Sample Probe
- command: `python3 - <<'PY'
from datasets import load_dataset
ds = load_dataset('projectaria/hot3d', split='train', streaming=True)
first = next(iter(ds))
print('FIRST_KEYS', sorted(list(first.keys()))[:20])
PY`
- returncode: `1`
- stderr:
```
Traceback (most recent call last):
  File "<stdin>", line 3, in <module>
  File "/Users/prinivenpillay/ZPE Multimodality/ZPE XR/.venv/lib/python3.14/site-packages/datasets/iterable_dataset.py", line 2543, in __iter__
    for key, example in ex_iterable:
                        ^^^^^^^^^^^
  File "/Users/prinivenpillay/ZPE Multimodality/ZPE XR/.venv/lib/python3.14/site-packages/datasets/iterable_dataset.py", line 2061, in __iter__
    batch = formatter.format_batch(pa_table)
  File "/Users/prinivenpillay/ZPE Multimodality/ZPE XR/.venv/lib/python3.14/site-packages/datasets/formatting/formatting.py", line 472, in format_batch
    batch = self.python_features_decoder.decode_batch(batch)
  File "/Users/prinivenpillay/ZPE Multimodality/ZPE XR/.venv/lib/python3.14/site-packages/datasets/formatting/formatting.py", line 234, in decode_batch
    return self.features.decode_batch(batch, token_per_repo_id=self.token_per_repo_id) if self.features else batch
           ~~~~~~~~~~~~~~~~~~~~~~~~~~^^^^^^^^^^^^^^^^^^^^^^^^^^^^^^^^^^^^^^^^^^^^^^^^^
  File "/Users/prinivenpillay/ZPE Multimodality/ZPE XR/.venv/lib/python3.14/site-packages/datasets/features/features.py", line 2161, in decode_batch
    decode_nested_example(self[column_name], value, token_per_repo_id=token_per_repo_id)
    ~~~~~~~~~~~~~~~~~~~~~^^^^^^^^^^^^^^^^^^^^^^^^^^^^^^^^^^^^^^^^^^^^^^^^^^^^^^^^^^^^^^^
  File "/Users/prinivenpillay/ZPE Multimodality/ZPE XR/.venv/lib/python3.14/site-packages/datasets/features/features.py", line 1419, in decode_nested_example
    return schema.decode_example(obj, token_per_repo_id=token_per_repo_id) if obj is not None else None
           ~~~~~~~~~~~~~~~~~~~~~^^^^^^^^^^^^^^^^^^^^^^^^^^^^^^^^^^^^^^^^^^
  File "/Users/prinivenpillay/ZPE Multimodality/ZPE XR/.venv/lib/python3.14/site-packages/datasets/features/image.py", line 164, in decode_example
    raise ImportError("To support decoding images, please install 'Pillow'.")
ImportError: To support decoding images, please install 'Pillow'.
```

## M1 HOT3D Git Reachability
- command: `git ls-remote https://github.com/facebookresearch/hot3d`
- returncode: `0`
- stdout:
```
91fc5a0754e88bffb50bfddc4d1a4b35a6962458	HEAD
9aa8522f974c088f957dd3f07ed5541058744406	refs/heads/gh-pages
91fc5a0754e88bffb50bfddc4d1a4b35a6962458	refs/heads/main
96f930fd52a386a34d3c09c6e20f64ace5e6dbf0	refs/heads/thodan-patch-1
217b840c2e259de4f75947e3e382b8661402982b	refs/pull/1/head
411f086a9d9a16e5cd6ba9c198902069734a5428	refs/pull/11/head
de7666d6659cd4c078f603ffccdf133df0039c40	refs/pull/12/head
d40d1ea1e20ef805364f5654f5cec934471fc485	refs/pull/2/head
3d6125e184c689cc012f9e3a18f34106789af959	refs/pull/39/head
0b76d7ea5cd52518636c5430ba2a8eec5ecb3308	refs/pull/39/merge
d5e107959f7b12a4666ddae47409225ec513171c	refs/pull/5/head
eb3413ffff61a21bd2a2b2021009ea8064264567	refs/pull/6/head
```

## M1 Python Dependency Probe
- command: `python3 - <<'PY'
ok = True
try:
    import huggingface_hub  # noqa: F401
    print('HF_HUB_IMPORT_OK')
except Exception as e:
    ok = False
    print('HF_HUB_IMPORT_FAIL', type(e).__name__, str(e))
try:
    from datasets import load_dataset  # noqa: F401
    print('DATASETS_IMPORT_OK')
except Exception as e:
    print('DATASETS_IMPORT_FAIL', type(e).__name__, str(e))
    ok = False
raise SystemExit(0 if ok else 2)
PY`
- returncode: `0`
- stdout:
```
HF_HUB_IMPORT_OK
DATASETS_IMPORT_OK
```

## M1 HOT3D HF Manifest Probe
- command: `python3 - <<'PY'
from huggingface_hub import HfApi
api = HfApi()
info = api.dataset_info('projectaria/hot3d')
print('DATASET_ID', info.id)
print('SIBLING_COUNT', len(info.siblings))
for s in info.siblings[:20]:
    print('FILE', s.rfilename)
PY`
- returncode: `0`
- stdout:
```
DATASET_ID projectaria/hot3d
SIBLING_COUNT 3
FILE .gitattributes
FILE README.md
FILE assets/hot3d_data_samples.jpg
```

## M1 HOT3D Streaming Sample Probe
- command: `python3 - <<'PY'
from datasets import load_dataset
ds = load_dataset('projectaria/hot3d', split='train', streaming=True)
first = next(iter(ds))
print('FIRST_KEYS', sorted(list(first.keys()))[:20])
PY`
- returncode: `0`
- stdout:
```
FIRST_KEYS ['image']
```

## M2 Unity CLI Probe
- command: `command -v Unity || command -v unity || command -v UnityHub`
- returncode: `1`

## M2 Unity Version Probe
- command: `if command -v Unity >/dev/null 2>&1; then Unity -version; elif command -v unity >/dev/null 2>&1; then unity -version; elif command -v UnityHub >/dev/null 2>&1; then UnityHub --version; else echo 'UNITY_CLI_NOT_FOUND'; exit 2; fi`
- returncode: `2`
- stdout:
```
UNITY_CLI_NOT_FOUND
```

## M2 Meta XR SDK Access Probe
- command: `curl -fsSLI https://assetstore.unity.com/packages/tools/integration/meta-xr-all-in-one-sdk-269657`
- returncode: `56`
- stdout:
```
HTTP/2 404 
date: Sat, 21 Feb 2026 02:07:36 GMT
content-type: text/html; charset=utf-8
access-control-allow-origin: https://assetstore.unity.com
cache-control: no-cache, no-store
content-security-policy: default-src 'self' *.zdassets.com *.zendesk.com *.zopim.com https://*.zopim.com wss://unity3d.zendesk.com wss://*.zopim.com ; font-src 'self' 'unsafe-inline' *.unity.com *.unitychina.cn *.unity3d.com *.cloudfront.net fonts.gstatic.com *.hotjar.com storage.googleapis.com gen-as-admin-stg.storage.googleapis.com gen-as-admin-prd.storage.googleapis.com unity-assetstorev2-stg.storage.googleapis.com unity-assetstorev2-prd.storage.googleapis.com data: ; connect-src 'self' *.windows.net *.onetrust.com *.onetrust.io *.sentry.io tools.conversion.com *.doubleclick.net *.zdassets.com *.zendesk.com *.zopim.com https://*.zopim.com wss://unity3d.zendesk.com wss://*.zopim.com cdn.cookielaw.org privacyportal-eu.onetrust.com *.google-analytics.com analytics.google.com *.s3.amazonaws.com *.sleeknote.com *.unity3d.com *.unitychina.cn *.cdp.internal.unity3d.com *.adroll.com *.hotjar.com *.hotjar.io ws://*.hotjar.com wss://*.hotjar.com *.resonai.com *.qualtrics.com *.kameleoon.com *.kameleoon.eu *.kameleoon.io *.clarity.ms fonts.googleapis.com bat.bing.com *.intercom.io *.amplitude.com *.wootric.com wootric-eligibility.herokuoapp.com tr.snapchat.com *.teads.tv pagead2.googlesyndication.com *.analytics.org.coveo.com px.ads.linkedin.com conversions-config.reddit.com *.redditstatic.com *.company-target.com *.demandbase.com wss://nexus-websocket-a.intercom.io *.ip-api.com api.vector.co pixel-config.reddit.com bat.bing.net ; object-src 'self' ; style-src 'self' 'unsafe-inline' tagmanager.google.com fonts.googleapis.com *.sleeknote.com *.unity.com *.unitychina.cn *.unity3d.com *.cloudfront.net optimize.google.com cdnjs.cloudflare.com storage.googleapis.com gen-as-admin-stg.storage.googleapis.com gen-as-admin-prd.storage.googleapis.com unity-assetstorev2-stg.storage.googleapis.com unity-assetstorev2-prd.storage.googleapis.com *.resonai.com ; img-src * blob: data: ; media-src * data: ; script-src 'self' 'nonce-Ct40qo4nLYEFU7yz' 'strict-dynamic' 'unsafe-inline' 'unsafe-eval' *.ads-twitter.com *.unity.com *.unitychina.cn *.unity3d.com *.zdassets.com *.zendesk.com *.zopim.com https://*.zopim.com wss://unity3d.zendesk.com wss://*.zopim.com *.cloudfront.net *.google-analytics.com geolocation.onetrust.com cdn.cookielaw.org www.googletagmanager.com www.google.com tagmanager.google.com optimize.google.com cdnjs.cloudflare.com d6tizftlrpuof.cloudfront.net *.adroll.com *.hotjar.com www.googleadservices.com connect.facebook.net *.doubleclick.net *.resonai.com storage.googleapis.com gen-as-admin-stg.storage.googleapis.com gen-as-admin-prd.storage.googleapis.com unity-assetstorev2-stg.storage.googleapis.com unity-assetstorev2-prd.storage.googleapis.com *.naver.net *.bizographics.com prf.hn *.qualtrics.com *.amplitude.com *.demandbase.com ; child-src 'self' *.unity.com *.unitychina.cn youtube.com www.youtube.com *.twitch.tv youtu.be *.soundcloud.com sketchfab.com player.vimeo.com *.mixcloud.com v.qq.com *.hotjar.com www.facebook.com *.doubleclick.net ; frame-src 'self' *.qualtrics.com gen-as-admin-prd.storage.googleapis.com *.adsrvr.org unity-assetstorev2-prd.storage.googleapis.com *.simmer.io *.unity.com *.unitychina.cn *.twitch.tv www.youtube.com youtube.com youtu.be *.soundcloud.com subscribe.sleeknote.com optimize.google.com sketchfab.com player.vimeo.com *.mixcloud.com v.qq.com *.hotjar.com www.facebook.com *.doubleclick.net *.assetstore.unity3d.com docs.google.com tr.snapchat.com fledge.teads.tv *.company-target.com ; frame-ancestors 'self' *.twitch.tv ; manifest-src 'self' unity-assetstorev2-prd.storage.googleapis.com unity-assetstorev2-stg.storage.googleapis.com ;
expires: 0
pragma: no-cache
referrer-policy: origin
set-cookie: NEXT_LOCALE=en-US; Path=/; Expires=Sun, 21 Feb 2027 02:07:36 GMT; Max-Age=31536000; SameSite=lax
set-cookie: AMP_a331ddf18d=JTdCJTIyZGV2a
```
- stderr:
```
curl: (56) The requested URL returned error: 404
```

## M2 XR Interaction Toolkit Access Probe
- command: `curl -fsSLI https://docs.unity3d.com/Packages/com.unity.xr.interaction.toolkit@latest`
- returncode: `0`
- stdout:
```
HTTP/2 301 
server: nginx/1.26.3
date: Sat, 21 Feb 2026 02:07:37 GMT
content-type: text/html
location: http://docs.unity3d.com/Packages/com.unity.xr.interaction.toolkit@latest/
gzip: Gzipped by Varnish
debug-stream: Stream content
vary: Accept-Encoding
x-varnish: 46029415
age: 0
via: 1.1 docs-unity3d-com-6445f7c5cb-zjkcb (Varnish/7.7), 1.1 google
content-length: 169
alt-svc: h3=":443"; ma=2592000,h3-29=":443"; ma=2592000

HTTP/1.1 301 Moved Permanently
Cache-Control: private
Location: https://docs.unity3d.com:443/Packages/com.unity.xr.interaction.toolkit@latest/
Content-Length: 0
Date: Sat, 21 Feb 2026 02:07:37 GMT
Content-Type: text/html; charset=UTF-8
Connection: keep-alive

HTTP/2 200 
server: nginx/1.26.3
date: Sat, 21 Feb 2026 02:07:37 GMT
content-type: text/html,text/html; charset=utf-8
last-modified: Wed, 04 Feb 2026 01:19:25 GMT
gzip: Gzipped by Varnish
debug-stream: Stream content
etag: W/"69829e9d-8bc"
vary: Accept-Encoding
x-varnish: 59060784
age: 0
via: 1.1 docs-unity3d-com-6445f7c5cb-l8jpd (Varnish/7.7), 1.1 google
accept-ranges: bytes
alt-svc: h3=":443"; ma=2592000,h3-29=":443"; ma=2592000
```

## M2 MANO License Portal Probe
- command: `curl -fsSLI https://mano.is.tue.mpg.de`
- returncode: `0`
- stdout:
```
HTTP/1.1 200 OK
Server: nginx
Date: Sat, 21 Feb 2026 02:07:38 GMT
Content-Type: text/html
Content-Length: 15679
Last-Modified: Thu, 11 Sep 2025 08:52:59 GMT
Connection: keep-alive
ETag: "68c28deb-3d3f"
X-Frame-Options: SAMEORIGIN
X-XSS-Protection: 1; mode=block
Strict-Transport-Security: max-age=63072000; includeSubdomains;
X-Permitted-Cross-Domain-Policies: none
X-Content-Type-Options: nosniff
Permissions-Policy: geolocation=();midi=();notifications=();push=();sync-xhr=();microphone=();camera=();magnetometer=();gyroscope=();speaker=(self);vibrate=();fullscreen=(self);payment=();
Accept-Ranges: bytes
```

## M2 MANO Terms Probe
- command: `python3 - <<'PY'
import requests
url='https://mano.is.tue.mpg.de'
r=requests.get(url,timeout=20)
text=(r.text or '').lower()
hits=[k for k in ['register','license','non-commercial','commercial'] if k in text]
print('STATUS', r.status_code)
print('TERM_HITS', hits)
PY`
- returncode: `0`
- stdout:
```
STATUS 200
TERM_HITS ['register', 'license']
```

## Appendix E HOT3D pip index probe
- command: `python3 -m pip index versions hot3d-toolkit`
- returncode: `1`
- stderr:
```
ERROR: No matching distribution found for hot3d-toolkit
```

## Appendix E HOI-M3 arXiv Probe
- command: `curl -fsSL https://arxiv.org/abs/2404.00299`
- returncode: `0`
- stdout:
```
</div>
          <div class="column lab-name">
            <span id="label-for-litmaps">Litmaps</span> <em>(<a href="https://www.litmaps.co/" target="_blank">What is Litmaps?</a>)</em>
          </div>
        </div>
        <div class="columns is-mobile lab-row">
          <div class="column lab-switch">
            <label class="switch">
              <input
                id="scite-toggle"
                type="checkbox"
                class="lab-toggle"
                data-script-url="/static/browse/0.3.4/js/scite.js?20210617"
                aria-labelledby="label-for-scite">
              <span class="slider"></span>
              <span class="is-sr-only">scite.ai Toggle</span>
            </label>
          </div>
          <div class="column lab-name">
            <span id="label-for-scite">scite Smart Citations</span> <em>(<a href="https://www.scite.ai/" target="_blank">What are Smart Citations?</a>)</em>
          </div>
        </div>
      </div>
        <div class="labs-content-placeholder labs-display" style="display: none;"></div>
        <div style="min-height: 15px" id="connectedpapers-output"></div>
        <div style="min-height: 15px" id="litmaps-open-in"></div>
        <div style="min-height: 15px" id="scite-open-in"></div>
    </div>


    <input type="radio" name="tabs" id="tabtwo">
    <label for="tabtwo">Code, Data, Media</label>
    <div class="tab">
      <h1>Code, Data and Media Associated with this Article</h1>
      <div class="toggle">
        <div class="columns is-mobile lab-row">
          <div class="column lab-switch">
            <label class="switch">
              <input
                id="alphaxiv-toggle"
                data-script-url="/static/browse/0.3.4/js/alphaxiv.js"
                type="checkbox" class="lab-toggle" aria-labelledby="label-for-alphaxiv">
              <span class="slider"></span>
              <span class="is-sr-only">alphaXiv Toggle</span>
            </label>
          </div>
          <div class="column lab-name">
            <span id="label-for-alphaxiv">alphaXiv</span> <em>(<a href="https://alphaxiv.org/" target="_blank">What is alphaXiv?</a>)</em>
          </div>
        </div>

        <div class="columns is-mobile lab-row">
          <div class="column lab-switch">
            <label class="switch">
              <input        
                id="catalyzex-toggle"
                data-script-url="/static/browse/0.3.4/js/catalyzex.js"
                type="checkbox" class="lab-toggle" aria-labelledby="label-for-cx">
              <span class="slider"></span>
              <span class="is-sr-only">Links to Code Toggle</span>
            </label>
          </div>
          <div class="column lab-name">
            <span id="label-for-cx">CatalyzeX Code Finder for Papers</span> <em>(<a href="https://www.catalyzex.com" target="_blank">What is CatalyzeX?</a>)</em>
          </div>
        </div>

        <div class="columns is-mobile lab-row">
          <div class="column lab-switch">
            <label class="switch">
              <input
                id="dagshub-toggle"
                data-script-url="/static/browse/0.3.4/js/dagshub.js"
                type="checkbox" class="lab-toggle" aria-labelledby="label-for-dagshub">
              <span class="slider"></span>
              <span class="is-sr-only">DagsHub Toggle</span>
            </label>
          </div>
          <div class="column lab-name">
            <span id="label-for-dagshub">DagsHub</span> <em>(<a href="https://dagshub.com/" target="_blank">What is DagsHub?</a>)</em>
          </div>
        </div>
  
        <div class="columns is-mobile lab-row">
          <div class="column lab-switch">
            <label class="switch">
              <input
                id="gotitpub-toggle"
                data-script-url="/static/browse/0.3.4/js/gotitpub.js"
                type="checkbox" class="lab-toggle" aria-labelledby="label-for-gotitpub">
              <span class="slider"></span>
    
```

## Appendix E HOI-M3 candidate url probe
- command: `curl -fsSLI https://huggingface.co/docs/hub/spaces`
- returncode: `0`
- stdout:
```
HTTP/2 200 
content-type: text/html; charset=utf-8
content-length: 126133
date: Sat, 21 Feb 2026 02:09:19 GMT
etag: W/"1ecb5-ZHuzwW5sJlLvE4omdIonosWTMMo"
x-powered-by: huggingface-moon
x-request-id: Root=1-699913cf-4dac01e51b8528aa6c14d52a
ratelimit: "pages";r=99;t=223
ratelimit-policy: "fixed window";"pages";q=100;w=300
cross-origin-opener-policy: same-origin
referrer-policy: strict-origin-when-cross-origin
content-language: en
x-frame-options: DENY
x-cache: Miss from cloudfront
via: 1.1 7d65068ed3e4a31e171838cea2010e56.cloudfront.net (CloudFront)
x-amz-cf-pop: JNB51-P1
x-amz-cf-id: 2Tj7Sc1fK8zoEL1XjzHovQLUP8pv2SltfOZV2Ld9ZQLZWkaDcleqKw==
```

## Appendix E HO-Cap arXiv Probe
- command: `curl -fsSL https://arxiv.org/abs/2406.06843`
- returncode: `0`
- stdout:
```
</div>
          <div class="column lab-name">
            <span id="label-for-litmaps">Litmaps</span> <em>(<a href="https://www.litmaps.co/" target="_blank">What is Litmaps?</a>)</em>
          </div>
        </div>
        <div class="columns is-mobile lab-row">
          <div class="column lab-switch">
            <label class="switch">
              <input
                id="scite-toggle"
                type="checkbox"
                class="lab-toggle"
                data-script-url="/static/browse/0.3.4/js/scite.js?20210617"
                aria-labelledby="label-for-scite">
              <span class="slider"></span>
              <span class="is-sr-only">scite.ai Toggle</span>
            </label>
          </div>
          <div class="column lab-name">
            <span id="label-for-scite">scite Smart Citations</span> <em>(<a href="https://www.scite.ai/" target="_blank">What are Smart Citations?</a>)</em>
          </div>
        </div>
      </div>
        <div class="labs-content-placeholder labs-display" style="display: none;"></div>
        <div style="min-height: 15px" id="connectedpapers-output"></div>
        <div style="min-height: 15px" id="litmaps-open-in"></div>
        <div style="min-height: 15px" id="scite-open-in"></div>
    </div>


    <input type="radio" name="tabs" id="tabtwo">
    <label for="tabtwo">Code, Data, Media</label>
    <div class="tab">
      <h1>Code, Data and Media Associated with this Article</h1>
      <div class="toggle">
        <div class="columns is-mobile lab-row">
          <div class="column lab-switch">
            <label class="switch">
              <input
                id="alphaxiv-toggle"
                data-script-url="/static/browse/0.3.4/js/alphaxiv.js"
                type="checkbox" class="lab-toggle" aria-labelledby="label-for-alphaxiv">
              <span class="slider"></span>
              <span class="is-sr-only">alphaXiv Toggle</span>
            </label>
          </div>
          <div class="column lab-name">
            <span id="label-for-alphaxiv">alphaXiv</span> <em>(<a href="https://alphaxiv.org/" target="_blank">What is alphaXiv?</a>)</em>
          </div>
        </div>

        <div class="columns is-mobile lab-row">
          <div class="column lab-switch">
            <label class="switch">
              <input        
                id="catalyzex-toggle"
                data-script-url="/static/browse/0.3.4/js/catalyzex.js"
                type="checkbox" class="lab-toggle" aria-labelledby="label-for-cx">
              <span class="slider"></span>
              <span class="is-sr-only">Links to Code Toggle</span>
            </label>
          </div>
          <div class="column lab-name">
            <span id="label-for-cx">CatalyzeX Code Finder for Papers</span> <em>(<a href="https://www.catalyzex.com" target="_blank">What is CatalyzeX?</a>)</em>
          </div>
        </div>

        <div class="columns is-mobile lab-row">
          <div class="column lab-switch">
            <label class="switch">
              <input
                id="dagshub-toggle"
                data-script-url="/static/browse/0.3.4/js/dagshub.js"
                type="checkbox" class="lab-toggle" aria-labelledby="label-for-dagshub">
              <span class="slider"></span>
              <span class="is-sr-only">DagsHub Toggle</span>
            </label>
          </div>
          <div class="column lab-name">
            <span id="label-for-dagshub">DagsHub</span> <em>(<a href="https://dagshub.com/" target="_blank">What is DagsHub?</a>)</em>
          </div>
        </div>
  
        <div class="columns is-mobile lab-row">
          <div class="column lab-switch">
            <label class="switch">
              <input
                id="gotitpub-toggle"
                data-script-url="/static/browse/0.3.4/js/gotitpub.js"
                type="checkbox" class="lab-toggle" aria-labelledby="label-for-gotitpub">
              <span class="slider"></span>
    
```

## Appendix E HO-Cap candidate url probe
- command: `curl -fsSLI https://huggingface.co/docs/hub/spaces`
- returncode: `0`
- stdout:
```
HTTP/2 200 
content-type: text/html; charset=utf-8
content-length: 126133
date: Sat, 21 Feb 2026 02:09:21 GMT
etag: W/"1ecb5-cmY1nobyTx1yiTRi5Q5IoYRIUGQ"
x-powered-by: huggingface-moon
x-request-id: Root=1-699913d1-623c7c674ec4e4fc00edd165
ratelimit: "pages";r=98;t=221
ratelimit-policy: "fixed window";"pages";q=100;w=300
cross-origin-opener-policy: same-origin
referrer-policy: strict-origin-when-cross-origin
content-language: en
x-frame-options: DENY
x-cache: Miss from cloudfront
via: 1.1 b4d7371aba88bf3cf5abaacdf670c00a.cloudfront.net (CloudFront)
x-amz-cf-pop: JNB51-P1
x-amz-cf-id: Joggp4NaE4JCw28fUIQ-e1mkSe1SG7EX5Tjo7g3o71QniBWB-XJg3g==
```

## Appendix E HOT3D pip index probe
- command: `python3 -m pip index versions hot3d-toolkit`
- returncode: `1`
- stderr:
```
ERROR: No matching distribution found for hot3d-toolkit
```

## Appendix E HOI-M3 arXiv Probe
- command: `curl -fsSL https://arxiv.org/abs/2404.00299`
- returncode: `0`
- stdout:
```
</div>
          <div class="column lab-name">
            <span id="label-for-litmaps">Litmaps</span> <em>(<a href="https://www.litmaps.co/" target="_blank">What is Litmaps?</a>)</em>
          </div>
        </div>
        <div class="columns is-mobile lab-row">
          <div class="column lab-switch">
            <label class="switch">
              <input
                id="scite-toggle"
                type="checkbox"
                class="lab-toggle"
                data-script-url="/static/browse/0.3.4/js/scite.js?20210617"
                aria-labelledby="label-for-scite">
              <span class="slider"></span>
              <span class="is-sr-only">scite.ai Toggle</span>
            </label>
          </div>
          <div class="column lab-name">
            <span id="label-for-scite">scite Smart Citations</span> <em>(<a href="https://www.scite.ai/" target="_blank">What are Smart Citations?</a>)</em>
          </div>
        </div>
      </div>
        <div class="labs-content-placeholder labs-display" style="display: none;"></div>
        <div style="min-height: 15px" id="connectedpapers-output"></div>
        <div style="min-height: 15px" id="litmaps-open-in"></div>
        <div style="min-height: 15px" id="scite-open-in"></div>
    </div>


    <input type="radio" name="tabs" id="tabtwo">
    <label for="tabtwo">Code, Data, Media</label>
    <div class="tab">
      <h1>Code, Data and Media Associated with this Article</h1>
      <div class="toggle">
        <div class="columns is-mobile lab-row">
          <div class="column lab-switch">
            <label class="switch">
              <input
                id="alphaxiv-toggle"
                data-script-url="/static/browse/0.3.4/js/alphaxiv.js"
                type="checkbox" class="lab-toggle" aria-labelledby="label-for-alphaxiv">
              <span class="slider"></span>
              <span class="is-sr-only">alphaXiv Toggle</span>
            </label>
          </div>
          <div class="column lab-name">
            <span id="label-for-alphaxiv">alphaXiv</span> <em>(<a href="https://alphaxiv.org/" target="_blank">What is alphaXiv?</a>)</em>
          </div>
        </div>

        <div class="columns is-mobile lab-row">
          <div class="column lab-switch">
            <label class="switch">
              <input        
                id="catalyzex-toggle"
                data-script-url="/static/browse/0.3.4/js/catalyzex.js"
                type="checkbox" class="lab-toggle" aria-labelledby="label-for-cx">
              <span class="slider"></span>
              <span class="is-sr-only">Links to Code Toggle</span>
            </label>
          </div>
          <div class="column lab-name">
            <span id="label-for-cx">CatalyzeX Code Finder for Papers</span> <em>(<a href="https://www.catalyzex.com" target="_blank">What is CatalyzeX?</a>)</em>
          </div>
        </div>

        <div class="columns is-mobile lab-row">
          <div class="column lab-switch">
            <label class="switch">
              <input
                id="dagshub-toggle"
                data-script-url="/static/browse/0.3.4/js/dagshub.js"
                type="checkbox" class="lab-toggle" aria-labelledby="label-for-dagshub">
              <span class="slider"></span>
              <span class="is-sr-only">DagsHub Toggle</span>
            </label>
          </div>
          <div class="column lab-name">
            <span id="label-for-dagshub">DagsHub</span> <em>(<a href="https://dagshub.com/" target="_blank">What is DagsHub?</a>)</em>
          </div>
        </div>
  
        <div class="columns is-mobile lab-row">
          <div class="column lab-switch">
            <label class="switch">
              <input
                id="gotitpub-toggle"
                data-script-url="/static/browse/0.3.4/js/gotitpub.js"
                type="checkbox" class="lab-toggle" aria-labelledby="label-for-gotitpub">
              <span class="slider"></span>
    
```

## Appendix E HOI-M3 candidate url probe
- command: `curl -fsSLI https://huggingface.co/docs/hub/spaces`
- returncode: `0`
- stdout:
```
HTTP/2 200 
content-type: text/html; charset=utf-8
content-length: 126133
date: Sat, 21 Feb 2026 02:12:31 GMT
etag: W/"1ecb5-u3DsUdZIVTyF7ZRHi9skT1iASIo"
x-powered-by: huggingface-moon
x-request-id: Root=1-6999148f-45ce390a64640a80504498b9
ratelimit: "pages";r=97;t=31
ratelimit-policy: "fixed window";"pages";q=100;w=300
cross-origin-opener-policy: same-origin
referrer-policy: strict-origin-when-cross-origin
content-language: en
x-frame-options: DENY
x-cache: Miss from cloudfront
via: 1.1 c62e2b1f46dc9890299275381b09198e.cloudfront.net (CloudFront)
x-amz-cf-pop: JNB51-P1
x-amz-cf-id: Rh5U96vUrwDFbpbwDCxGXu4rlnhJEmzg8UYP1At5hC_j1dQltPPryg==
```

## Appendix E HO-Cap arXiv Probe
- command: `curl -fsSL https://arxiv.org/abs/2406.06843`
- returncode: `0`
- stdout:
```
</div>
          <div class="column lab-name">
            <span id="label-for-litmaps">Litmaps</span> <em>(<a href="https://www.litmaps.co/" target="_blank">What is Litmaps?</a>)</em>
          </div>
        </div>
        <div class="columns is-mobile lab-row">
          <div class="column lab-switch">
            <label class="switch">
              <input
                id="scite-toggle"
                type="checkbox"
                class="lab-toggle"
                data-script-url="/static/browse/0.3.4/js/scite.js?20210617"
                aria-labelledby="label-for-scite">
              <span class="slider"></span>
              <span class="is-sr-only">scite.ai Toggle</span>
            </label>
          </div>
          <div class="column lab-name">
            <span id="label-for-scite">scite Smart Citations</span> <em>(<a href="https://www.scite.ai/" target="_blank">What are Smart Citations?</a>)</em>
          </div>
        </div>
      </div>
        <div class="labs-content-placeholder labs-display" style="display: none;"></div>
        <div style="min-height: 15px" id="connectedpapers-output"></div>
        <div style="min-height: 15px" id="litmaps-open-in"></div>
        <div style="min-height: 15px" id="scite-open-in"></div>
    </div>


    <input type="radio" name="tabs" id="tabtwo">
    <label for="tabtwo">Code, Data, Media</label>
    <div class="tab">
      <h1>Code, Data and Media Associated with this Article</h1>
      <div class="toggle">
        <div class="columns is-mobile lab-row">
          <div class="column lab-switch">
            <label class="switch">
              <input
                id="alphaxiv-toggle"
                data-script-url="/static/browse/0.3.4/js/alphaxiv.js"
                type="checkbox" class="lab-toggle" aria-labelledby="label-for-alphaxiv">
              <span class="slider"></span>
              <span class="is-sr-only">alphaXiv Toggle</span>
            </label>
          </div>
          <div class="column lab-name">
            <span id="label-for-alphaxiv">alphaXiv</span> <em>(<a href="https://alphaxiv.org/" target="_blank">What is alphaXiv?</a>)</em>
          </div>
        </div>

        <div class="columns is-mobile lab-row">
          <div class="column lab-switch">
            <label class="switch">
              <input        
                id="catalyzex-toggle"
                data-script-url="/static/browse/0.3.4/js/catalyzex.js"
                type="checkbox" class="lab-toggle" aria-labelledby="label-for-cx">
              <span class="slider"></span>
              <span class="is-sr-only">Links to Code Toggle</span>
            </label>
          </div>
          <div class="column lab-name">
            <span id="label-for-cx">CatalyzeX Code Finder for Papers</span> <em>(<a href="https://www.catalyzex.com" target="_blank">What is CatalyzeX?</a>)</em>
          </div>
        </div>

        <div class="columns is-mobile lab-row">
          <div class="column lab-switch">
            <label class="switch">
              <input
                id="dagshub-toggle"
                data-script-url="/static/browse/0.3.4/js/dagshub.js"
                type="checkbox" class="lab-toggle" aria-labelledby="label-for-dagshub">
              <span class="slider"></span>
              <span class="is-sr-only">DagsHub Toggle</span>
            </label>
          </div>
          <div class="column lab-name">
            <span id="label-for-dagshub">DagsHub</span> <em>(<a href="https://dagshub.com/" target="_blank">What is DagsHub?</a>)</em>
          </div>
        </div>
  
        <div class="columns is-mobile lab-row">
          <div class="column lab-switch">
            <label class="switch">
              <input
                id="gotitpub-toggle"
                data-script-url="/static/browse/0.3.4/js/gotitpub.js"
                type="checkbox" class="lab-toggle" aria-labelledby="label-for-gotitpub">
              <span class="slider"></span>
    
```

## Appendix E HO-Cap candidate url probe
- command: `curl -fsSLI https://huggingface.co/docs/hub/spaces`
- returncode: `0`
- stdout:
```
HTTP/2 200 
content-type: text/html; charset=utf-8
content-length: 126133
date: Sat, 21 Feb 2026 02:12:33 GMT
etag: W/"1ecb5-pwBlIk21bL90saxsbqGpfOfoJiA"
x-powered-by: huggingface-moon
x-request-id: Root=1-69991491-4e4733df21fb46cd610cd854
ratelimit: "pages";r=96;t=29
ratelimit-policy: "fixed window";"pages";q=100;w=300
cross-origin-opener-policy: same-origin
referrer-policy: strict-origin-when-cross-origin
content-language: en
x-frame-options: DENY
x-cache: Miss from cloudfront
via: 1.1 7aee7fdcc01f73101b30b73b15f29534.cloudfront.net (CloudFront)
x-amz-cf-pop: JNB51-P1
x-amz-cf-id: s8ldO2EdCeVQdOHZTozDxmfiX15VyN_xFbULNS4oF3dBDVIeWjBE-Q==
```

## M1 HOT3D Git Reachability
- command: `git ls-remote https://github.com/facebookresearch/hot3d`
- returncode: `0`
- stdout:
```
91fc5a0754e88bffb50bfddc4d1a4b35a6962458	HEAD
9aa8522f974c088f957dd3f07ed5541058744406	refs/heads/gh-pages
91fc5a0754e88bffb50bfddc4d1a4b35a6962458	refs/heads/main
96f930fd52a386a34d3c09c6e20f64ace5e6dbf0	refs/heads/thodan-patch-1
217b840c2e259de4f75947e3e382b8661402982b	refs/pull/1/head
411f086a9d9a16e5cd6ba9c198902069734a5428	refs/pull/11/head
de7666d6659cd4c078f603ffccdf133df0039c40	refs/pull/12/head
d40d1ea1e20ef805364f5654f5cec934471fc485	refs/pull/2/head
3d6125e184c689cc012f9e3a18f34106789af959	refs/pull/39/head
0b76d7ea5cd52518636c5430ba2a8eec5ecb3308	refs/pull/39/merge
d5e107959f7b12a4666ddae47409225ec513171c	refs/pull/5/head
eb3413ffff61a21bd2a2b2021009ea8064264567	refs/pull/6/head
```

## M1 Python Dependency Probe
- command: `python3 - <<'PY'
ok = True
try:
    import huggingface_hub  # noqa: F401
    print('HF_HUB_IMPORT_OK')
except Exception as e:
    ok = False
    print('HF_HUB_IMPORT_FAIL', type(e).__name__, str(e))
try:
    from datasets import load_dataset  # noqa: F401
    print('DATASETS_IMPORT_OK')
except Exception as e:
    print('DATASETS_IMPORT_FAIL', type(e).__name__, str(e))
    ok = False
raise SystemExit(0 if ok else 2)
PY`
- returncode: `2`
- stdout:
```
HF_HUB_IMPORT_OK
DATASETS_IMPORT_FAIL ModuleNotFoundError No module named 'numpy'
```

## M1 HOT3D HF Manifest Probe
- command: `python3 - <<'PY'
from huggingface_hub import HfApi
api = HfApi()
info = api.dataset_info('projectaria/hot3d')
print('DATASET_ID', info.id)
print('SIBLING_COUNT', len(info.siblings))
for s in info.siblings[:20]:
    print('FILE', s.rfilename)
PY`
- returncode: `0`
- stdout:
```
DATASET_ID projectaria/hot3d
SIBLING_COUNT 3
FILE .gitattributes
FILE README.md
FILE assets/hot3d_data_samples.jpg
```

## M1 HOT3D Streaming Sample Probe
- command: `python3 - <<'PY'
from datasets import load_dataset
ds = load_dataset('projectaria/hot3d', split='train', streaming=True)
first = next(iter(ds))
print('FIRST_KEYS', sorted(list(first.keys()))[:20])
PY`
- returncode: `1`
- stderr:
```
Traceback (most recent call last):
  File "<stdin>", line 1, in <module>
  File "/Users/prinivenpillay/Library/Python/3.14/lib/python/site-packages/datasets/__init__.py", line 17, in <module>
    from .arrow_dataset import Column, Dataset
  File "/Users/prinivenpillay/Library/Python/3.14/lib/python/site-packages/datasets/arrow_dataset.py", line 58, in <module>
    import numpy as np
ModuleNotFoundError: No module named 'numpy'
```

## M1 HOT3D Git Reachability
- command: `git ls-remote https://github.com/facebookresearch/hot3d`
- returncode: `0`
- stdout:
```
91fc5a0754e88bffb50bfddc4d1a4b35a6962458	HEAD
9aa8522f974c088f957dd3f07ed5541058744406	refs/heads/gh-pages
91fc5a0754e88bffb50bfddc4d1a4b35a6962458	refs/heads/main
96f930fd52a386a34d3c09c6e20f64ace5e6dbf0	refs/heads/thodan-patch-1
217b840c2e259de4f75947e3e382b8661402982b	refs/pull/1/head
411f086a9d9a16e5cd6ba9c198902069734a5428	refs/pull/11/head
de7666d6659cd4c078f603ffccdf133df0039c40	refs/pull/12/head
d40d1ea1e20ef805364f5654f5cec934471fc485	refs/pull/2/head
3d6125e184c689cc012f9e3a18f34106789af959	refs/pull/39/head
0b76d7ea5cd52518636c5430ba2a8eec5ecb3308	refs/pull/39/merge
d5e107959f7b12a4666ddae47409225ec513171c	refs/pull/5/head
eb3413ffff61a21bd2a2b2021009ea8064264567	refs/pull/6/head
```

## M1 Python Dependency Probe
- command: `/Users/prinivenpillay/ZPE Multimodality/ZPE XR/.venv/bin/python - <<'PY'
ok = True
try:
    import huggingface_hub  # noqa: F401
    print('HF_HUB_IMPORT_OK')
except Exception as e:
    ok = False
    print('HF_HUB_IMPORT_FAIL', type(e).__name__, str(e))
try:
    from datasets import load_dataset  # noqa: F401
    print('DATASETS_IMPORT_OK')
except Exception as e:
    print('DATASETS_IMPORT_FAIL', type(e).__name__, str(e))
    ok = False
raise SystemExit(0 if ok else 2)
PY`
- returncode: `126`
- stderr:
```
/bin/sh: /Users/prinivenpillay/ZPE: is a directory
```

## M1 HOT3D HF Manifest Probe
- command: `/Users/prinivenpillay/ZPE Multimodality/ZPE XR/.venv/bin/python - <<'PY'
from huggingface_hub import HfApi
api = HfApi()
info = api.dataset_info('projectaria/hot3d')
print('DATASET_ID', info.id)
print('SIBLING_COUNT', len(info.siblings))
for s in info.siblings[:20]:
    print('FILE', s.rfilename)
PY`
- returncode: `126`
- stderr:
```
/bin/sh: /Users/prinivenpillay/ZPE: is a directory
```

## M1 HOT3D Streaming Sample Probe
- command: `/Users/prinivenpillay/ZPE Multimodality/ZPE XR/.venv/bin/python - <<'PY'
from datasets import load_dataset
ds = load_dataset('projectaria/hot3d', split='train', streaming=True)
first = next(iter(ds))
print('FIRST_KEYS', sorted(list(first.keys()))[:20])
PY`
- returncode: `126`
- stderr:
```
/bin/sh: /Users/prinivenpillay/ZPE: is a directory
```

## M1 HOT3D Git Reachability
- command: `git ls-remote https://github.com/facebookresearch/hot3d`
- returncode: `0`
- stdout:
```
91fc5a0754e88bffb50bfddc4d1a4b35a6962458	HEAD
9aa8522f974c088f957dd3f07ed5541058744406	refs/heads/gh-pages
91fc5a0754e88bffb50bfddc4d1a4b35a6962458	refs/heads/main
96f930fd52a386a34d3c09c6e20f64ace5e6dbf0	refs/heads/thodan-patch-1
217b840c2e259de4f75947e3e382b8661402982b	refs/pull/1/head
411f086a9d9a16e5cd6ba9c198902069734a5428	refs/pull/11/head
de7666d6659cd4c078f603ffccdf133df0039c40	refs/pull/12/head
d40d1ea1e20ef805364f5654f5cec934471fc485	refs/pull/2/head
3d6125e184c689cc012f9e3a18f34106789af959	refs/pull/39/head
0b76d7ea5cd52518636c5430ba2a8eec5ecb3308	refs/pull/39/merge
d5e107959f7b12a4666ddae47409225ec513171c	refs/pull/5/head
eb3413ffff61a21bd2a2b2021009ea8064264567	refs/pull/6/head
```

## M1 Python Dependency Probe
- command: `'/Users/prinivenpillay/ZPE Multimodality/ZPE XR/.venv/bin/python' - <<'PY'
ok = True
try:
    import huggingface_hub  # noqa: F401
    print('HF_HUB_IMPORT_OK')
except Exception as e:
    ok = False
    print('HF_HUB_IMPORT_FAIL', type(e).__name__, str(e))
try:
    from datasets import load_dataset  # noqa: F401
    print('DATASETS_IMPORT_OK')
except Exception as e:
    print('DATASETS_IMPORT_FAIL', type(e).__name__, str(e))
    ok = False
raise SystemExit(0 if ok else 2)
PY`
- returncode: `0`
- stdout:
```
HF_HUB_IMPORT_OK
DATASETS_IMPORT_OK
```

## M1 HOT3D HF Manifest Probe
- command: `'/Users/prinivenpillay/ZPE Multimodality/ZPE XR/.venv/bin/python' - <<'PY'
from huggingface_hub import HfApi
api = HfApi()
info = api.dataset_info('projectaria/hot3d')
print('DATASET_ID', info.id)
print('SIBLING_COUNT', len(info.siblings))
for s in info.siblings[:20]:
    print('FILE', s.rfilename)
PY`
- returncode: `0`
- stdout:
```
DATASET_ID projectaria/hot3d
SIBLING_COUNT 3
FILE .gitattributes
FILE README.md
FILE assets/hot3d_data_samples.jpg
```

## M1 HOT3D Streaming Sample Probe
- command: `'/Users/prinivenpillay/ZPE Multimodality/ZPE XR/.venv/bin/python' - <<'PY'
from datasets import load_dataset
ds = load_dataset('projectaria/hot3d', split='train', streaming=True)
first = next(iter(ds))
print('FIRST_KEYS', sorted(list(first.keys()))[:20])
PY`
- returncode: `0`
- stdout:
```
FIRST_KEYS ['image']
```

## M2 Unity CLI Probe
- command: `command -v Unity || command -v unity || command -v UnityHub`
- returncode: `1`

## M2 Unity Version Probe
- command: `if command -v Unity >/dev/null 2>&1; then Unity -version; elif command -v unity >/dev/null 2>&1; then unity -version; elif command -v UnityHub >/dev/null 2>&1; then UnityHub --version; else echo 'UNITY_CLI_NOT_FOUND'; exit 2; fi`
- returncode: `2`
- stdout:
```
UNITY_CLI_NOT_FOUND
```

## M2 Meta XR SDK Access Probe
- command: `curl -fsSLI https://assetstore.unity.com/packages/tools/integration/meta-xr-all-in-one-sdk-269657`
- returncode: `56`
- stdout:
```
HTTP/2 404 
date: Sat, 21 Feb 2026 10:19:58 GMT
content-type: text/html; charset=utf-8
access-control-allow-origin: https://assetstore.unity.com
cache-control: no-cache, no-store
content-security-policy: default-src 'self' *.zdassets.com *.zendesk.com *.zopim.com https://*.zopim.com wss://unity3d.zendesk.com wss://*.zopim.com ; font-src 'self' 'unsafe-inline' *.unity.com *.unitychina.cn *.unity3d.com *.cloudfront.net fonts.gstatic.com *.hotjar.com storage.googleapis.com gen-as-admin-stg.storage.googleapis.com gen-as-admin-prd.storage.googleapis.com unity-assetstorev2-stg.storage.googleapis.com unity-assetstorev2-prd.storage.googleapis.com data: ; connect-src 'self' *.windows.net *.onetrust.com *.onetrust.io *.sentry.io tools.conversion.com *.doubleclick.net *.zdassets.com *.zendesk.com *.zopim.com https://*.zopim.com wss://unity3d.zendesk.com wss://*.zopim.com cdn.cookielaw.org privacyportal-eu.onetrust.com *.google-analytics.com analytics.google.com *.s3.amazonaws.com *.sleeknote.com *.unity3d.com *.unitychina.cn *.cdp.internal.unity3d.com *.adroll.com *.hotjar.com *.hotjar.io ws://*.hotjar.com wss://*.hotjar.com *.resonai.com *.qualtrics.com *.kameleoon.com *.kameleoon.eu *.kameleoon.io *.clarity.ms fonts.googleapis.com bat.bing.com *.intercom.io *.amplitude.com *.wootric.com wootric-eligibility.herokuoapp.com tr.snapchat.com *.teads.tv pagead2.googlesyndication.com *.analytics.org.coveo.com px.ads.linkedin.com conversions-config.reddit.com *.redditstatic.com *.company-target.com *.demandbase.com wss://nexus-websocket-a.intercom.io *.ip-api.com api.vector.co pixel-config.reddit.com bat.bing.net ; object-src 'self' ; style-src 'self' 'unsafe-inline' tagmanager.google.com fonts.googleapis.com *.sleeknote.com *.unity.com *.unitychina.cn *.unity3d.com *.cloudfront.net optimize.google.com cdnjs.cloudflare.com storage.googleapis.com gen-as-admin-stg.storage.googleapis.com gen-as-admin-prd.storage.googleapis.com unity-assetstorev2-stg.storage.googleapis.com unity-assetstorev2-prd.storage.googleapis.com *.resonai.com ; img-src * blob: data: ; media-src * data: ; script-src 'self' 'nonce-G91UbKvaTnvqxE4d' 'strict-dynamic' 'unsafe-inline' 'unsafe-eval' *.ads-twitter.com *.unity.com *.unitychina.cn *.unity3d.com *.zdassets.com *.zendesk.com *.zopim.com https://*.zopim.com wss://unity3d.zendesk.com wss://*.zopim.com *.cloudfront.net *.google-analytics.com geolocation.onetrust.com cdn.cookielaw.org www.googletagmanager.com www.google.com tagmanager.google.com optimize.google.com cdnjs.cloudflare.com d6tizftlrpuof.cloudfront.net *.adroll.com *.hotjar.com www.googleadservices.com connect.facebook.net *.doubleclick.net *.resonai.com storage.googleapis.com gen-as-admin-stg.storage.googleapis.com gen-as-admin-prd.storage.googleapis.com unity-assetstorev2-stg.storage.googleapis.com unity-assetstorev2-prd.storage.googleapis.com *.naver.net *.bizographics.com prf.hn *.qualtrics.com *.amplitude.com *.demandbase.com ; child-src 'self' *.unity.com *.unitychina.cn youtube.com www.youtube.com *.twitch.tv youtu.be *.soundcloud.com sketchfab.com player.vimeo.com *.mixcloud.com v.qq.com *.hotjar.com www.facebook.com *.doubleclick.net ; frame-src 'self' *.qualtrics.com gen-as-admin-prd.storage.googleapis.com *.adsrvr.org unity-assetstorev2-prd.storage.googleapis.com *.simmer.io *.unity.com *.unitychina.cn *.twitch.tv www.youtube.com youtube.com youtu.be *.soundcloud.com subscribe.sleeknote.com optimize.google.com sketchfab.com player.vimeo.com *.mixcloud.com v.qq.com *.hotjar.com www.facebook.com *.doubleclick.net *.assetstore.unity3d.com docs.google.com tr.snapchat.com fledge.teads.tv *.company-target.com ; frame-ancestors 'self' *.twitch.tv ; manifest-src 'self' unity-assetstorev2-prd.storage.googleapis.com unity-assetstorev2-stg.storage.googleapis.com ;
expires: 0
pragma: no-cache
referrer-policy: origin
set-cookie: NEXT_LOCALE=en-US; Path=/; Expires=Sun, 21 Feb 2027 10:19:58 GMT; Max-Age=31536000; SameSite=lax
set-cookie: AMP_a331ddf18d=JTdCJTIyZGV2a
```
- stderr:
```
curl: (56) The requested URL returned error: 404
```

## M2 XR Interaction Toolkit Access Probe
- command: `curl -fsSLI https://docs.unity3d.com/Packages/com.unity.xr.interaction.toolkit@latest`
- returncode: `0`
- stdout:
```
HTTP/2 301 
server: nginx/1.26.3
date: Sat, 21 Feb 2026 10:19:59 GMT
content-type: text/html
location: http://docs.unity3d.com/Packages/com.unity.xr.interaction.toolkit@latest/
gzip: Gzipped by Varnish
debug-stream: Stream content
vary: Accept-Encoding
x-varnish: 67207960
age: 0
via: 1.1 docs-unity3d-com-6445f7c5cb-82mqz (Varnish/7.7), 1.1 google
alt-svc: h3=":443"; ma=2592000,h3-29=":443"; ma=2592000

HTTP/1.1 301 Moved Permanently
Cache-Control: private
Location: https://docs.unity3d.com:443/Packages/com.unity.xr.interaction.toolkit@latest/
Content-Length: 0
Date: Sat, 21 Feb 2026 10:20:00 GMT
Content-Type: text/html; charset=UTF-8
Connection: keep-alive

HTTP/2 200 
server: nginx/1.26.3
date: Sat, 21 Feb 2026 10:20:00 GMT
content-type: text/html,text/html; charset=utf-8
last-modified: Wed, 04 Feb 2026 01:19:25 GMT
gzip: Gzipped by Varnish
debug-stream: Stream content
etag: W/"69829e9d-8bc"
vary: Accept-Encoding
x-varnish: 66132813
age: 0
via: 1.1 docs-unity3d-com-6445f7c5cb-82mqz (Varnish/7.7), 1.1 google
accept-ranges: bytes
alt-svc: h3=":443"; ma=2592000,h3-29=":443"; ma=2592000
```

## M2 MANO License Portal Probe
- command: `curl -fsSLI https://mano.is.tue.mpg.de`
- returncode: `0`
- stdout:
```
HTTP/1.1 200 OK
Server: nginx
Date: Sat, 21 Feb 2026 10:20:01 GMT
Content-Type: text/html
Content-Length: 15679
Last-Modified: Thu, 11 Sep 2025 08:52:59 GMT
Connection: keep-alive
ETag: "68c28deb-3d3f"
X-Frame-Options: SAMEORIGIN
X-XSS-Protection: 1; mode=block
Strict-Transport-Security: max-age=63072000; includeSubdomains;
X-Permitted-Cross-Domain-Policies: none
X-Content-Type-Options: nosniff
Permissions-Policy: geolocation=();midi=();notifications=();push=();sync-xhr=();microphone=();camera=();magnetometer=();gyroscope=();speaker=(self);vibrate=();fullscreen=(self);payment=();
Accept-Ranges: bytes
```

## M2 MANO Terms Probe
- command: `'/Users/prinivenpillay/ZPE Multimodality/ZPE XR/.venv/bin/python' - <<'PY'
import requests
url='https://mano.is.tue.mpg.de'
r=requests.get(url,timeout=20)
text=(r.text or '').lower()
hits=[k for k in ['register','license','non-commercial','commercial'] if k in text]
print('STATUS', r.status_code)
print('TERM_HITS', hits)
PY`
- returncode: `0`
- stdout:
```
STATUS 200
TERM_HITS ['register', 'license']
```

## Appendix E HOT3D pip index probe
- command: `'/Users/prinivenpillay/ZPE Multimodality/ZPE XR/.venv/bin/python' -m pip index versions hot3d-toolkit`
- returncode: `1`
- stderr:
```
ERROR: No matching distribution found for hot3d-toolkit
```

## Appendix E HOI-M3 arXiv Probe
- command: `curl -fsSL https://arxiv.org/abs/2404.00299`
- returncode: `0`
- stdout:
```
</div>
          <div class="column lab-name">
            <span id="label-for-litmaps">Litmaps</span> <em>(<a href="https://www.litmaps.co/" target="_blank">What is Litmaps?</a>)</em>
          </div>
        </div>
        <div class="columns is-mobile lab-row">
          <div class="column lab-switch">
            <label class="switch">
              <input
                id="scite-toggle"
                type="checkbox"
                class="lab-toggle"
                data-script-url="/static/browse/0.3.4/js/scite.js?20210617"
                aria-labelledby="label-for-scite">
              <span class="slider"></span>
              <span class="is-sr-only">scite.ai Toggle</span>
            </label>
          </div>
          <div class="column lab-name">
            <span id="label-for-scite">scite Smart Citations</span> <em>(<a href="https://www.scite.ai/" target="_blank">What are Smart Citations?</a>)</em>
          </div>
        </div>
      </div>
        <div class="labs-content-placeholder labs-display" style="display: none;"></div>
        <div style="min-height: 15px" id="connectedpapers-output"></div>
        <div style="min-height: 15px" id="litmaps-open-in"></div>
        <div style="min-height: 15px" id="scite-open-in"></div>
    </div>


    <input type="radio" name="tabs" id="tabtwo">
    <label for="tabtwo">Code, Data, Media</label>
    <div class="tab">
      <h1>Code, Data and Media Associated with this Article</h1>
      <div class="toggle">
        <div class="columns is-mobile lab-row">
          <div class="column lab-switch">
            <label class="switch">
              <input
                id="alphaxiv-toggle"
                data-script-url="/static/browse/0.3.4/js/alphaxiv.js"
                type="checkbox" class="lab-toggle" aria-labelledby="label-for-alphaxiv">
              <span class="slider"></span>
              <span class="is-sr-only">alphaXiv Toggle</span>
            </label>
          </div>
          <div class="column lab-name">
            <span id="label-for-alphaxiv">alphaXiv</span> <em>(<a href="https://alphaxiv.org/" target="_blank">What is alphaXiv?</a>)</em>
          </div>
        </div>

        <div class="columns is-mobile lab-row">
          <div class="column lab-switch">
            <label class="switch">
              <input        
                id="catalyzex-toggle"
                data-script-url="/static/browse/0.3.4/js/catalyzex.js"
                type="checkbox" class="lab-toggle" aria-labelledby="label-for-cx">
              <span class="slider"></span>
              <span class="is-sr-only">Links to Code Toggle</span>
            </label>
          </div>
          <div class="column lab-name">
            <span id="label-for-cx">CatalyzeX Code Finder for Papers</span> <em>(<a href="https://www.catalyzex.com" target="_blank">What is CatalyzeX?</a>)</em>
          </div>
        </div>

        <div class="columns is-mobile lab-row">
          <div class="column lab-switch">
            <label class="switch">
              <input
                id="dagshub-toggle"
                data-script-url="/static/browse/0.3.4/js/dagshub.js"
                type="checkbox" class="lab-toggle" aria-labelledby="label-for-dagshub">
              <span class="slider"></span>
              <span class="is-sr-only">DagsHub Toggle</span>
            </label>
          </div>
          <div class="column lab-name">
            <span id="label-for-dagshub">DagsHub</span> <em>(<a href="https://dagshub.com/" target="_blank">What is DagsHub?</a>)</em>
          </div>
        </div>
  
        <div class="columns is-mobile lab-row">
          <div class="column lab-switch">
            <label class="switch">
              <input
                id="gotitpub-toggle"
                data-script-url="/static/browse/0.3.4/js/gotitpub.js"
                type="checkbox" class="lab-toggle" aria-labelledby="label-for-gotitpub">
              <span class="slider"></span>
    
```

## Appendix E HO-Cap arXiv Probe
- command: `curl -fsSL https://arxiv.org/abs/2406.06843`
- returncode: `0`
- stdout:
```
</div>
          <div class="column lab-name">
            <span id="label-for-litmaps">Litmaps</span> <em>(<a href="https://www.litmaps.co/" target="_blank">What is Litmaps?</a>)</em>
          </div>
        </div>
        <div class="columns is-mobile lab-row">
          <div class="column lab-switch">
            <label class="switch">
              <input
                id="scite-toggle"
                type="checkbox"
                class="lab-toggle"
                data-script-url="/static/browse/0.3.4/js/scite.js?20210617"
                aria-labelledby="label-for-scite">
              <span class="slider"></span>
              <span class="is-sr-only">scite.ai Toggle</span>
            </label>
          </div>
          <div class="column lab-name">
            <span id="label-for-scite">scite Smart Citations</span> <em>(<a href="https://www.scite.ai/" target="_blank">What are Smart Citations?</a>)</em>
          </div>
        </div>
      </div>
        <div class="labs-content-placeholder labs-display" style="display: none;"></div>
        <div style="min-height: 15px" id="connectedpapers-output"></div>
        <div style="min-height: 15px" id="litmaps-open-in"></div>
        <div style="min-height: 15px" id="scite-open-in"></div>
    </div>


    <input type="radio" name="tabs" id="tabtwo">
    <label for="tabtwo">Code, Data, Media</label>
    <div class="tab">
      <h1>Code, Data and Media Associated with this Article</h1>
      <div class="toggle">
        <div class="columns is-mobile lab-row">
          <div class="column lab-switch">
            <label class="switch">
              <input
                id="alphaxiv-toggle"
                data-script-url="/static/browse/0.3.4/js/alphaxiv.js"
                type="checkbox" class="lab-toggle" aria-labelledby="label-for-alphaxiv">
              <span class="slider"></span>
              <span class="is-sr-only">alphaXiv Toggle</span>
            </label>
          </div>
          <div class="column lab-name">
            <span id="label-for-alphaxiv">alphaXiv</span> <em>(<a href="https://alphaxiv.org/" target="_blank">What is alphaXiv?</a>)</em>
          </div>
        </div>

        <div class="columns is-mobile lab-row">
          <div class="column lab-switch">
            <label class="switch">
              <input        
                id="catalyzex-toggle"
                data-script-url="/static/browse/0.3.4/js/catalyzex.js"
                type="checkbox" class="lab-toggle" aria-labelledby="label-for-cx">
              <span class="slider"></span>
              <span class="is-sr-only">Links to Code Toggle</span>
            </label>
          </div>
          <div class="column lab-name">
            <span id="label-for-cx">CatalyzeX Code Finder for Papers</span> <em>(<a href="https://www.catalyzex.com" target="_blank">What is CatalyzeX?</a>)</em>
          </div>
        </div>

        <div class="columns is-mobile lab-row">
          <div class="column lab-switch">
            <label class="switch">
              <input
                id="dagshub-toggle"
                data-script-url="/static/browse/0.3.4/js/dagshub.js"
                type="checkbox" class="lab-toggle" aria-labelledby="label-for-dagshub">
              <span class="slider"></span>
              <span class="is-sr-only">DagsHub Toggle</span>
            </label>
          </div>
          <div class="column lab-name">
            <span id="label-for-dagshub">DagsHub</span> <em>(<a href="https://dagshub.com/" target="_blank">What is DagsHub?</a>)</em>
          </div>
        </div>
  
        <div class="columns is-mobile lab-row">
          <div class="column lab-switch">
            <label class="switch">
              <input
                id="gotitpub-toggle"
                data-script-url="/static/browse/0.3.4/js/gotitpub.js"
                type="checkbox" class="lab-toggle" aria-labelledby="label-for-gotitpub">
              <span class="slider"></span>
    
```

## Appendix E RunPod Dependency Lock Capture
- command: `'/Users/prinivenpillay/ZPE Multimodality/ZPE XR/.venv/bin/python' -m pip freeze`
- returncode: `0`
- stdout:
```
aiohappyeyeballs==2.6.1
aiohttp==3.13.3
aiosignal==1.4.0
annotated-doc==0.0.4
anyio==4.12.1
attrs==25.4.0
certifi==2026.1.4
charset-normalizer==3.4.4
click==8.3.1
datasets==4.5.0
dill==0.4.0
filelock==3.24.3
frozenlist==1.8.0
fsspec==2025.10.0
h11==0.16.0
hf-xet==1.2.0
httpcore==1.0.9
httpx==0.28.1
huggingface_hub==1.4.1
idna==3.11
markdown-it-py==4.0.0
mdurl==0.1.2
multidict==6.7.1
multiprocess==0.70.18
numpy==2.4.2
packaging==26.0
pandas==3.0.1
pillow==12.1.1
propcache==0.4.1
pyarrow==23.0.1
Pygments==2.19.2
python-dateutil==2.9.0.post0
PyYAML==6.0.3
requests==2.32.5
rich==14.3.3
shellingham==1.5.4
six==1.17.0
tqdm==4.67.3
typer==0.24.0
typer-slim==0.24.0
typing_extensions==4.15.0
urllib3==2.6.3
xxhash==3.6.0
yarl==1.22.0
```

## M2 Unity CLI Probe
- command: `command -v Unity || command -v unity || command -v UnityHub`
- returncode: `1`

## M2 Unity Version Probe
- command: `if command -v Unity >/dev/null 2>&1; then Unity -version; elif command -v unity >/dev/null 2>&1; then unity -version; elif command -v UnityHub >/dev/null 2>&1; then UnityHub --version; else echo 'UNITY_CLI_NOT_FOUND'; exit 2; fi`
- returncode: `2`
- stdout:
```
UNITY_CLI_NOT_FOUND
```

## M2 Homebrew Probe
- command: `command -v brew`
- returncode: `0`
- stdout:
```
/usr/local/bin/brew
```

## M2 Homebrew Unity Hub Search
- command: `if command -v brew >/dev/null 2>&1; then brew search unity-hub; else echo 'BREW_NOT_FOUND'; exit 2; fi`
- returncode: `0`
- stdout:
```
unity
unity-hub
```

## M2 Unity CLI Probe
- command: `command -v Unity || command -v unity || command -v UnityHub`
- returncode: `1`

## M2 Unity Version Probe
- command: `if command -v Unity >/dev/null 2>&1; then Unity -version; elif command -v unity >/dev/null 2>&1; then unity -version; elif command -v UnityHub >/dev/null 2>&1; then UnityHub --version; else echo 'UNITY_CLI_NOT_FOUND'; exit 2; fi`
- returncode: `2`
- stdout:
```
UNITY_CLI_NOT_FOUND
```

## M2 Homebrew Probe
- command: `command -v brew`
- returncode: `0`
- stdout:
```
/usr/local/bin/brew
```

## M2 Homebrew Unity Hub Search
- command: `if command -v brew >/dev/null 2>&1; then brew search unity-hub; else echo 'BREW_NOT_FOUND'; exit 2; fi`
- returncode: `0`
- stdout:
```
unity
unity-hub
```

## M2 Unity CLI Probe
- command: `command -v Unity || command -v unity || command -v UnityHub`
- returncode: `1`

## M2 Unity Version Probe
- command: `if command -v Unity >/dev/null 2>&1; then Unity -version; elif command -v unity >/dev/null 2>&1; then unity -version; elif command -v UnityHub >/dev/null 2>&1; then UnityHub --version; else echo 'UNITY_CLI_NOT_FOUND'; exit 2; fi`
- returncode: `2`
- stdout:
```
UNITY_CLI_NOT_FOUND
```

## M2 Homebrew Probe
- command: `command -v brew`
- returncode: `0`
- stdout:
```
/usr/local/bin/brew
```

## M2 Homebrew Unity Hub Search
- command: `if command -v brew >/dev/null 2>&1; then brew search unity-hub; else echo 'BREW_NOT_FOUND'; exit 2; fi`
- returncode: `0`
- stdout:
```
unity
unity-hub
```

## M2 Homebrew Unity Hub Install Attempt
- command: `if command -v brew >/dev/null 2>&1; then HOMEBREW_NO_AUTO_UPDATE=1 brew install --cask unity-hub --no-quarantine; else echo 'BREW_NOT_FOUND'; exit 2; fi`
- returncode: `0`
- stdout:
```
==> Downloading https://public-cdn.cloud.unity3d.com/hub/prod/UnityHubSetup-x64.dmg
Already downloaded: /Users/prinivenpillay/Library/Caches/Homebrew/downloads/7929b0a36c8e31676fe86b66620c29e8186682d05cb9660e5c31a45b42667217--UnityHubSetup-x64.dmg
==> Installing Cask unity-hub
==> Moving App 'Unity Hub.app' to '/Applications/Unity Hub.app'
🍺  unity-hub was successfully installed!
```
- stderr:
```
Warning: Calling the `--[no-]quarantine` switch is deprecated! There is no replacement.
Warning: --no-quarantine bypasses macOS’s Gatekeeper, reducing system security. Do not use this flag unless you understand the risks.
```

## M2 Meta XR SDK Access Probe
- command: `curl -fsSLI https://assetstore.unity.com/packages/tools/integration/meta-xr-all-in-one-sdk-269657`
- returncode: `56`
- stdout:
```
HTTP/2 404 
date: Sat, 21 Feb 2026 11:11:25 GMT
content-type: text/html; charset=utf-8
access-control-allow-origin: https://assetstore.unity.com
cache-control: no-cache, no-store
content-security-policy: default-src 'self' *.zdassets.com *.zendesk.com *.zopim.com https://*.zopim.com wss://unity3d.zendesk.com wss://*.zopim.com ; font-src 'self' 'unsafe-inline' *.unity.com *.unitychina.cn *.unity3d.com *.cloudfront.net fonts.gstatic.com *.hotjar.com storage.googleapis.com gen-as-admin-stg.storage.googleapis.com gen-as-admin-prd.storage.googleapis.com unity-assetstorev2-stg.storage.googleapis.com unity-assetstorev2-prd.storage.googleapis.com data: ; connect-src 'self' *.windows.net *.onetrust.com *.onetrust.io *.sentry.io tools.conversion.com *.doubleclick.net *.zdassets.com *.zendesk.com *.zopim.com https://*.zopim.com wss://unity3d.zendesk.com wss://*.zopim.com cdn.cookielaw.org privacyportal-eu.onetrust.com *.google-analytics.com analytics.google.com *.s3.amazonaws.com *.sleeknote.com *.unity3d.com *.unitychina.cn *.cdp.internal.unity3d.com *.adroll.com *.hotjar.com *.hotjar.io ws://*.hotjar.com wss://*.hotjar.com *.resonai.com *.qualtrics.com *.kameleoon.com *.kameleoon.eu *.kameleoon.io *.clarity.ms fonts.googleapis.com bat.bing.com *.intercom.io *.amplitude.com *.wootric.com wootric-eligibility.herokuoapp.com tr.snapchat.com *.teads.tv pagead2.googlesyndication.com *.analytics.org.coveo.com px.ads.linkedin.com conversions-config.reddit.com *.redditstatic.com *.company-target.com *.demandbase.com wss://nexus-websocket-a.intercom.io *.ip-api.com api.vector.co pixel-config.reddit.com bat.bing.net ; object-src 'self' ; style-src 'self' 'unsafe-inline' tagmanager.google.com fonts.googleapis.com *.sleeknote.com *.unity.com *.unitychina.cn *.unity3d.com *.cloudfront.net optimize.google.com cdnjs.cloudflare.com storage.googleapis.com gen-as-admin-stg.storage.googleapis.com gen-as-admin-prd.storage.googleapis.com unity-assetstorev2-stg.storage.googleapis.com unity-assetstorev2-prd.storage.googleapis.com *.resonai.com ; img-src * blob: data: ; media-src * data: ; script-src 'self' 'nonce-KymJn09SNb4JRpQb' 'strict-dynamic' 'unsafe-inline' 'unsafe-eval' *.ads-twitter.com *.unity.com *.unitychina.cn *.unity3d.com *.zdassets.com *.zendesk.com *.zopim.com https://*.zopim.com wss://unity3d.zendesk.com wss://*.zopim.com *.cloudfront.net *.google-analytics.com geolocation.onetrust.com cdn.cookielaw.org www.googletagmanager.com www.google.com tagmanager.google.com optimize.google.com cdnjs.cloudflare.com d6tizftlrpuof.cloudfront.net *.adroll.com *.hotjar.com www.googleadservices.com connect.facebook.net *.doubleclick.net *.resonai.com storage.googleapis.com gen-as-admin-stg.storage.googleapis.com gen-as-admin-prd.storage.googleapis.com unity-assetstorev2-stg.storage.googleapis.com unity-assetstorev2-prd.storage.googleapis.com *.naver.net *.bizographics.com prf.hn *.qualtrics.com *.amplitude.com *.demandbase.com ; child-src 'self' *.unity.com *.unitychina.cn youtube.com www.youtube.com *.twitch.tv youtu.be *.soundcloud.com sketchfab.com player.vimeo.com *.mixcloud.com v.qq.com *.hotjar.com www.facebook.com *.doubleclick.net ; frame-src 'self' *.qualtrics.com gen-as-admin-prd.storage.googleapis.com *.adsrvr.org unity-assetstorev2-prd.storage.googleapis.com *.simmer.io *.unity.com *.unitychina.cn *.twitch.tv www.youtube.com youtube.com youtu.be *.soundcloud.com subscribe.sleeknote.com optimize.google.com sketchfab.com player.vimeo.com *.mixcloud.com v.qq.com *.hotjar.com www.facebook.com *.doubleclick.net *.assetstore.unity3d.com docs.google.com tr.snapchat.com fledge.teads.tv *.company-target.com ; frame-ancestors 'self' *.twitch.tv ; manifest-src 'self' unity-assetstorev2-prd.storage.googleapis.com unity-assetstorev2-stg.storage.googleapis.com ;
expires: 0
pragma: no-cache
referrer-policy: origin
set-cookie: NEXT_LOCALE=en-US; Path=/; Expires=Sun, 21 Feb 2027 11:11:25 GMT; Max-Age=31536000; SameSite=lax
set-cookie: AMP_a331ddf18d=JTdCJTIyZGV2a
```
- stderr:
```
curl: (56) The requested URL returned error: 404
```

## M2 Meta XR Sample Repo Probe
- command: `git ls-remote https://github.com/oculus-samples/Unity-InteractionSDK-Samples`
- returncode: `0`
- stdout:
```
4d612588b3ff0418ff23eb13c2144903be3354c8	HEAD
e07e9dbcaa43e7e3a679297d206437f3cc7228b9	refs/heads/dev
70709d12e3b23b7f504cf572b19319b9ec0ed3e9	refs/heads/fixup-T213307684-main
6a0e01575562867bd79b52bd5e2a81756d4bde30	refs/heads/fixup-T213503673-main
4d612588b3ff0418ff23eb13c2144903be3354c8	refs/heads/main
26d378d39a7abe53516460bed2d44dcef98d6b96	refs/heads/staging
70709d12e3b23b7f504cf572b19319b9ec0ed3e9	refs/pull/1/head
6a0e01575562867bd79b52bd5e2a81756d4bde30	refs/pull/2/head
e07e9dbcaa43e7e3a679297d206437f3cc7228b9	refs/pull/3/head
26d378d39a7abe53516460bed2d44dcef98d6b96	refs/pull/4/head
da9718168af955c3e4e970d63352bb951d3084e6	refs/tags/v72.0.0
```

## M2 XR Interaction Toolkit Access Probe
- command: `curl -fsSLI https://docs.unity3d.com/Packages/com.unity.xr.interaction.toolkit@latest`
- returncode: `0`
- stdout:
```
HTTP/2 301 
server: nginx/1.26.3
date: Sat, 21 Feb 2026 11:11:27 GMT
content-type: text/html
location: http://docs.unity3d.com/Packages/com.unity.xr.interaction.toolkit@latest/
gzip: Gzipped by Varnish
debug-stream: Stream content
vary: Accept-Encoding
x-varnish: 84972444
age: 0
via: 1.1 docs-unity3d-com-6445f7c5cb-zjkcb (Varnish/7.7), 1.1 google
content-length: 169
alt-svc: h3=":443"; ma=2592000,h3-29=":443"; ma=2592000

HTTP/1.1 301 Moved Permanently
Cache-Control: private
Location: https://docs.unity3d.com:443/Packages/com.unity.xr.interaction.toolkit@latest/
Content-Length: 0
Date: Sat, 21 Feb 2026 11:11:28 GMT
Content-Type: text/html; charset=UTF-8
Connection: keep-alive

HTTP/2 200 
server: nginx/1.26.3
date: Sat, 21 Feb 2026 11:11:28 GMT
content-type: text/html,text/html; charset=utf-8
last-modified: Wed, 04 Feb 2026 01:19:25 GMT
gzip: Gzipped by Varnish
debug-stream: Stream content
etag: W/"69829e9d-8bc"
vary: Accept-Encoding
x-varnish: 68138560
age: 0
via: 1.1 docs-unity3d-com-6445f7c5cb-l8jpd (Varnish/7.7), 1.1 google
accept-ranges: bytes
alt-svc: h3=":443"; ma=2592000,h3-29=":443"; ma=2592000
```

## M2 Docker Availability Probe
- command: `docker --version`
- returncode: `0`
- stdout:
```
Docker version 29.2.1, build a5c7197d72
```

## M2 UnityCI Container Probe
- command: `if command -v docker >/dev/null 2>&1; then docker run --rm unityci/editor:ubuntu-2022.3.62f1-base-3 /bin/bash -lc 'unity-editor -version'; else echo 'DOCKER_NOT_AVAILABLE'; exit 2; fi`
- returncode: `1`
- stderr:
```
failed to connect to the docker API at unix:///var/run/docker.sock; check if the path is correct and if the daemon is running: dial unix /var/run/docker.sock: connect: no such file or directory
```

## M2 MANO License Portal Probe
- command: `curl -fsSLI https://mano.is.tue.mpg.de`
- returncode: `0`
- stdout:
```
HTTP/1.1 200 OK
Server: nginx
Date: Sat, 21 Feb 2026 11:11:29 GMT
Content-Type: text/html
Content-Length: 15679
Last-Modified: Thu, 11 Sep 2025 08:52:59 GMT
Connection: keep-alive
ETag: "68c28deb-3d3f"
X-Frame-Options: SAMEORIGIN
X-XSS-Protection: 1; mode=block
Strict-Transport-Security: max-age=63072000; includeSubdomains;
X-Permitted-Cross-Domain-Policies: none
X-Content-Type-Options: nosniff
Permissions-Policy: geolocation=();midi=();notifications=();push=();sync-xhr=();microphone=();camera=();magnetometer=();gyroscope=();speaker=(self);vibrate=();fullscreen=(self);payment=();
Accept-Ranges: bytes
```

## M2 MANO Terms Probe
- command: `'/Users/prinivenpillay/ZPE Multimodality/ZPE XR/.venv/bin/python' - <<'PY'
import requests
url='https://mano.is.tue.mpg.de'
r=requests.get(url,timeout=20)
text=(r.text or '').lower()
hits=[k for k in ['register','license','non-commercial','commercial'] if k in text]
print('STATUS', r.status_code)
print('TERM_HITS', hits)
PY`
- returncode: `0`
- stdout:
```
STATUS 200
TERM_HITS ['register', 'license']
```

## M2 Godot Runtime Probe
- command: `command -v godot || command -v godot4`
- returncode: `1`

## M2 Godot OpenXR Plugin Probe
- command: `git ls-remote https://github.com/GodotVR/godot_openxr`
- returncode: `0`
- stdout:
```
e983d79365cf5a59052e6242dba083a467020dee	HEAD
bf9b796de02015d2cd48fe79cbb8592027920ea5	refs/heads/1.0.x
e983d79365cf5a59052e6242dba083a467020dee	refs/heads/master
4d434f0141ea89951f97b363d10b9107db44cf8e	refs/pull/10/head
62f03a855cbbbc0adfe2a6b14849683f7339bb4e	refs/pull/100/head
d0cc0e17f60d7dd3595d86c11aaaea78824b8d34	refs/pull/101/head
12a2b052a0f8043dd9defc0b9144294b297f8f1a	refs/pull/101/merge
b39d899523e6ae5317f4a38bdaeebb02de13aeef	refs/pull/102/head
dbac69863f552e37ef76f91e85f8088f9b55fc9c	refs/pull/103/head
a299f83d97c4db8a16a98768c8875c3b734c18f6	refs/pull/104/head
005d8fc1340bc97aaf157dc40741f093c361d185	refs/pull/106/head
704ae0f6011126508d28eba7870aa41f9d36f2ef	refs/pull/107/head
d57ed94f3b89c423f60e859c4b7e28f0df98d9df	refs/pull/109/head
56dd96b89b2ee5286e14fbe9b576ae69ac9bf5bb	refs/pull/113/head
e803afa3bfd3f23b4e0fcae722c4616c9c6b27d6	refs/pull/114/head
bea0d6eed58b367796084cb685ad72904171e463	refs/pull/116/head
c4f9103b0c99bf9f81ecb7509dee0fcf866c4d05	refs/pull/117/head
7051ccbbd2bb9ca54102039751ced830907b4028	refs/pull/118/head
4e61c839eee5c4adb70d1f5bbb458c42da1079e7	refs/pull/119/head
11a87f0e2c36285fdf509875b1b7d893993097e3	refs/pull/12/head
a0f5227e74bebb5c4e7bdf4a56ad79f0842d128f	refs/pull/120/head
daf0cdd69e5e189d5f35766dc3855578bd5d6e6f	refs/pull/123/head
996ba56a27f0d2e2f1a999f222abcfa45da98a7c	refs/pull/124/head
9b9c749a743386b983ac792e47bdf42c91ff5985	refs/pull/125/head
77c3ad964c301faf9959d07afe8cb25ad6ea6731	refs/pull/126/head
1e72a6616529742029006e83b2416fc913aeceeb	refs/pull/127/head
526180b0921b918f4fcbbb3a58bb296129d70d8e	refs/pull/128/head
760047812491748cdd7fa1e30aedbcab30c3fa91	refs/pull/129/head
f71c722167b938987d39f45f1c7faa845799a6e1	refs/pull/131/head
4cc351d8d235b968daebd7ce91f98fe6da9ca653	refs/pull/132/head
1adcacda3a5d33cc4756fae1dcb19eaf85832651	refs/pull/133/head
3b213f3c0535c1174d30f721082a9083064fb1fe	refs/pull/137/head
a0b8d5ae1e106a18b535bbc41254b9960c9dd8e0	refs/pull/140/head
4f0dff7d36b308c9da36893cec2cd67f02afdc14	refs/pull/141/head
92d72f6749a155b4139f8be2a7f366feb415101d	refs/pull/142/head
870861c980a49fdfe14462c89bf43438e2f55187	refs/pull/143/head
2437d66131633684b65d1370001d4d938c4c99e6	refs/pull/146/head
dbc57dc9ea48e9df295b6b2217e6badba0b1378f	refs/pull/148/head
0fb200e644ff92fd84d9d6518a77f258565d2f79	refs/pull/15/head
8245b44ec5d8ea146dd51023f78a9291e35caad8	refs/pull/152/head
d9ff6cb4da19d2370adbc33b822334625cac3bc2	refs/pull/153/head
834beb6f9ecd30d4b8abadcc2422912eaadc9410	refs/pull/156/head
553d8afee8a2023a4c0cf39cbc541eab945078db	refs/pull/16/head
505d346fe5034d244ffcce195e90e69e5c11c95c	refs/pull/160/head
20daaf6b669abccdca15d82a56fce3cf76c81d9b	refs/pull/161/head
ef3696ba3ede782eeb214b02b5eebce678a96500	refs/pull/162/head
ceb809af7c0aeb654d7b34a8fa389a4f0d508261	refs/pull/163/head
cb7e3381dc11e44ea8816cb436524a01a76c9282	refs/pull/17/head
c86927642b7655c22a02f77340c108837c4a62a3	refs/pull/172/head
c48b9fc914e1dbfc24c8d6aee0495e901f2cb0af	refs/pull/172/merge
1746e09ec1c12e28a3d90220a2d9198253be6dda	refs/pull/174/head
5dd739e0fe7cdc89cf33086f815149b8c3a0ecfe	refs/pull/175/head
ffb385494915df2c7eb6ecf6953d8114685d7fee	refs/pull/176/head
ca8e1bfd0b490c557a4566def3b325673e6d8268	refs/pull/177/head
a5643a50c96a1235a0db42925e4b2b7e8e0abdf7	refs/pull/178/head
1537bc02c55ba71c1620b4f67d8e8bd3554ffad8	refs/pull/178/merge
6a8285a859068119cf7d387a843e0d6d693ce39b	refs/pull/179/head
b67610b307216e32a6ecf457ae5c6956bad27667	refs/pull/18/head
5278922a4024e2ff11e3bb0ca8f8d5b1f8c370b0	refs/pull/181/head
724571e86679c270803f66e8cea7e4fe2bc87826	refs/pull/185/head
d0aafbdcdf1942225753d0104e7d3d7621fb09a7	refs/pull/186/head
5e907ef68abc8fa7074047c590be72e3a3f11b70	refs/pull/186/merge
ff0b44b3b31263fc5080a7243f917e68a4f0ab85	refs/pull/188/head
d1163c4eb9e09811408b289d8521324cdf98e752	refs/pull/189/head
a63f54d1f7f1a82fc91e8f95f8211c077b8b37f3	refs/pull/19/head
6011578bc2510f1fee4ae5cb6c043054d6e47dec	refs/pull/192/head
39b33fd86ac99f5dcb70ceecab2a9a3f7ec8a06c	refs/pull/193/head

```

## Appendix E HOT3D pip index probe
- command: `'/Users/prinivenpillay/ZPE Multimodality/ZPE XR/.venv/bin/python' -m pip index versions hot3d-toolkit`
- returncode: `1`
- stderr:
```
ERROR: No matching distribution found for hot3d-toolkit
```

## Appendix E HOI-M3 arXiv Probe
- command: `curl -fsSL https://arxiv.org/abs/2404.00299`
- returncode: `0`
- stdout:
```
</div>
          <div class="column lab-name">
            <span id="label-for-litmaps">Litmaps</span> <em>(<a href="https://www.litmaps.co/" target="_blank">What is Litmaps?</a>)</em>
          </div>
        </div>
        <div class="columns is-mobile lab-row">
          <div class="column lab-switch">
            <label class="switch">
              <input
                id="scite-toggle"
                type="checkbox"
                class="lab-toggle"
                data-script-url="/static/browse/0.3.4/js/scite.js?20210617"
                aria-labelledby="label-for-scite">
              <span class="slider"></span>
              <span class="is-sr-only">scite.ai Toggle</span>
            </label>
          </div>
          <div class="column lab-name">
            <span id="label-for-scite">scite Smart Citations</span> <em>(<a href="https://www.scite.ai/" target="_blank">What are Smart Citations?</a>)</em>
          </div>
        </div>
      </div>
        <div class="labs-content-placeholder labs-display" style="display: none;"></div>
        <div style="min-height: 15px" id="connectedpapers-output"></div>
        <div style="min-height: 15px" id="litmaps-open-in"></div>
        <div style="min-height: 15px" id="scite-open-in"></div>
    </div>


    <input type="radio" name="tabs" id="tabtwo">
    <label for="tabtwo">Code, Data, Media</label>
    <div class="tab">
      <h1>Code, Data and Media Associated with this Article</h1>
      <div class="toggle">
        <div class="columns is-mobile lab-row">
          <div class="column lab-switch">
            <label class="switch">
              <input
                id="alphaxiv-toggle"
                data-script-url="/static/browse/0.3.4/js/alphaxiv.js"
                type="checkbox" class="lab-toggle" aria-labelledby="label-for-alphaxiv">
              <span class="slider"></span>
              <span class="is-sr-only">alphaXiv Toggle</span>
            </label>
          </div>
          <div class="column lab-name">
            <span id="label-for-alphaxiv">alphaXiv</span> <em>(<a href="https://alphaxiv.org/" target="_blank">What is alphaXiv?</a>)</em>
          </div>
        </div>

        <div class="columns is-mobile lab-row">
          <div class="column lab-switch">
            <label class="switch">
              <input        
                id="catalyzex-toggle"
                data-script-url="/static/browse/0.3.4/js/catalyzex.js"
                type="checkbox" class="lab-toggle" aria-labelledby="label-for-cx">
              <span class="slider"></span>
              <span class="is-sr-only">Links to Code Toggle</span>
            </label>
          </div>
          <div class="column lab-name">
            <span id="label-for-cx">CatalyzeX Code Finder for Papers</span> <em>(<a href="https://www.catalyzex.com" target="_blank">What is CatalyzeX?</a>)</em>
          </div>
        </div>

        <div class="columns is-mobile lab-row">
          <div class="column lab-switch">
            <label class="switch">
              <input
                id="dagshub-toggle"
                data-script-url="/static/browse/0.3.4/js/dagshub.js"
                type="checkbox" class="lab-toggle" aria-labelledby="label-for-dagshub">
              <span class="slider"></span>
              <span class="is-sr-only">DagsHub Toggle</span>
            </label>
          </div>
          <div class="column lab-name">
            <span id="label-for-dagshub">DagsHub</span> <em>(<a href="https://dagshub.com/" target="_blank">What is DagsHub?</a>)</em>
          </div>
        </div>
  
        <div class="columns is-mobile lab-row">
          <div class="column lab-switch">
            <label class="switch">
              <input
                id="gotitpub-toggle"
                data-script-url="/static/browse/0.3.4/js/gotitpub.js"
                type="checkbox" class="lab-toggle" aria-labelledby="label-for-gotitpub">
              <span class="slider"></span>
    
```

## Appendix E HO-Cap arXiv Probe
- command: `curl -fsSL https://arxiv.org/abs/2406.06843`
- returncode: `0`
- stdout:
```
</div>
          <div class="column lab-name">
            <span id="label-for-litmaps">Litmaps</span> <em>(<a href="https://www.litmaps.co/" target="_blank">What is Litmaps?</a>)</em>
          </div>
        </div>
        <div class="columns is-mobile lab-row">
          <div class="column lab-switch">
            <label class="switch">
              <input
                id="scite-toggle"
                type="checkbox"
                class="lab-toggle"
                data-script-url="/static/browse/0.3.4/js/scite.js?20210617"
                aria-labelledby="label-for-scite">
              <span class="slider"></span>
              <span class="is-sr-only">scite.ai Toggle</span>
            </label>
          </div>
          <div class="column lab-name">
            <span id="label-for-scite">scite Smart Citations</span> <em>(<a href="https://www.scite.ai/" target="_blank">What are Smart Citations?</a>)</em>
          </div>
        </div>
      </div>
        <div class="labs-content-placeholder labs-display" style="display: none;"></div>
        <div style="min-height: 15px" id="connectedpapers-output"></div>
        <div style="min-height: 15px" id="litmaps-open-in"></div>
        <div style="min-height: 15px" id="scite-open-in"></div>
    </div>


    <input type="radio" name="tabs" id="tabtwo">
    <label for="tabtwo">Code, Data, Media</label>
    <div class="tab">
      <h1>Code, Data and Media Associated with this Article</h1>
      <div class="toggle">
        <div class="columns is-mobile lab-row">
          <div class="column lab-switch">
            <label class="switch">
              <input
                id="alphaxiv-toggle"
                data-script-url="/static/browse/0.3.4/js/alphaxiv.js"
                type="checkbox" class="lab-toggle" aria-labelledby="label-for-alphaxiv">
              <span class="slider"></span>
              <span class="is-sr-only">alphaXiv Toggle</span>
            </label>
          </div>
          <div class="column lab-name">
            <span id="label-for-alphaxiv">alphaXiv</span> <em>(<a href="https://alphaxiv.org/" target="_blank">What is alphaXiv?</a>)</em>
          </div>
        </div>

        <div class="columns is-mobile lab-row">
          <div class="column lab-switch">
            <label class="switch">
              <input        
                id="catalyzex-toggle"
                data-script-url="/static/browse/0.3.4/js/catalyzex.js"
                type="checkbox" class="lab-toggle" aria-labelledby="label-for-cx">
              <span class="slider"></span>
              <span class="is-sr-only">Links to Code Toggle</span>
            </label>
          </div>
          <div class="column lab-name">
            <span id="label-for-cx">CatalyzeX Code Finder for Papers</span> <em>(<a href="https://www.catalyzex.com" target="_blank">What is CatalyzeX?</a>)</em>
          </div>
        </div>

        <div class="columns is-mobile lab-row">
          <div class="column lab-switch">
            <label class="switch">
              <input
                id="dagshub-toggle"
                data-script-url="/static/browse/0.3.4/js/dagshub.js"
                type="checkbox" class="lab-toggle" aria-labelledby="label-for-dagshub">
              <span class="slider"></span>
              <span class="is-sr-only">DagsHub Toggle</span>
            </label>
          </div>
          <div class="column lab-name">
            <span id="label-for-dagshub">DagsHub</span> <em>(<a href="https://dagshub.com/" target="_blank">What is DagsHub?</a>)</em>
          </div>
        </div>
  
        <div class="columns is-mobile lab-row">
          <div class="column lab-switch">
            <label class="switch">
              <input
                id="gotitpub-toggle"
                data-script-url="/static/browse/0.3.4/js/gotitpub.js"
                type="checkbox" class="lab-toggle" aria-labelledby="label-for-gotitpub">
              <span class="slider"></span>
    
```

## Appendix E RunPod Dependency Lock Capture
- command: `'/Users/prinivenpillay/ZPE Multimodality/ZPE XR/.venv/bin/python' -m pip freeze`
- returncode: `0`
- stdout:
```
aiohappyeyeballs==2.6.1
aiohttp==3.13.3
aiosignal==1.4.0
annotated-doc==0.0.4
anyio==4.12.1
attrs==25.4.0
certifi==2026.1.4
charset-normalizer==3.4.4
click==8.3.1
datasets==4.5.0
dill==0.4.0
filelock==3.24.3
frozenlist==1.8.0
fsspec==2025.10.0
h11==0.16.0
hf-xet==1.2.0
httpcore==1.0.9
httpx==0.28.1
huggingface_hub==1.4.1
idna==3.11
markdown-it-py==4.0.0
mdurl==0.1.2
multidict==6.7.1
multiprocess==0.70.18
numpy==2.4.2
packaging==26.0
pandas==3.0.1
pillow==12.1.1
propcache==0.4.1
pyarrow==23.0.1
Pygments==2.19.2
python-dateutil==2.9.0.post0
PyYAML==6.0.3
requests==2.32.5
rich==14.3.3
shellingham==1.5.4
six==1.17.0
tqdm==4.67.3
typer==0.24.0
typer-slim==0.24.0
typing_extensions==4.15.0
urllib3==2.6.3
xxhash==3.6.0
yarl==1.22.0
```
